<?xml version="1.0" encoding="UTF-8"?>
<testng-results ignored="0" total="1" passed="1" failed="0" skipped="0">
  <reporter-output>
  </reporter-output>
  <suite started-at="2023-08-09T18:14:59 BDT" name="Default suite" finished-at="2023-08-09T18:15:42 BDT" duration-ms="42457">
    <groups>
    </groups>
    <test started-at="2023-08-09T18:14:59 BDT" name="Default test" finished-at="2023-08-09T18:15:42 BDT" duration-ms="42457">
      <class name="selenium_testing_daraz.SeleniumAutomationDaraz">
        <test-method is-config="true" signature="pre_condition()[pri:0, instance:selenium_testing_daraz.SeleniumAutomationDaraz@1283bb96]" started-at="2023-08-09T18:15:00 BDT" name="pre_condition" finished-at="2023-08-09T18:15:03 BDT" duration-ms="3362" status="PASS">
          <reporter-output>
          </reporter-output>
        </test-method> <!-- pre_condition -->
        <test-method signature="verifyGoogleTitle()[pri:0, instance:selenium_testing_daraz.SeleniumAutomationDaraz@1283bb96]" started-at="2023-08-09T18:15:03 BDT" name="verifyGoogleTitle" finished-at="2023-08-09T18:15:42 BDT" duration-ms="39042" status="PASS">
          <reporter-output>
          </reporter-output>
        </test-method> <!-- verifyGoogleTitle -->
        <test-method is-config="true" signature="post_condition()[pri:0, instance:selenium_testing_daraz.SeleniumAutomationDaraz@1283bb96]" started-at="2023-08-09T18:15:42 BDT" name="post_condition" finished-at="2023-08-09T18:15:42 BDT" duration-ms="1" status="PASS">
          <reporter-output>
          </reporter-output>
        </test-method> <!-- post_condition -->
      </class> <!-- selenium_testing_daraz.SeleniumAutomationDaraz -->
    </test> <!-- Default test -->
  </suite> <!-- Default suite -->
</testng-results>
