<?xml version="1.0" encoding="UTF-8"?>
<testng-results ignored="0" total="5" passed="5" failed="0" skipped="0">
  <reporter-output>
  </reporter-output>
  <suite started-at="2023-08-09T18:51:11 BDT" name="Default suite" finished-at="2023-08-09T18:52:06 BDT" duration-ms="54734">
    <groups>
    </groups>
    <test started-at="2023-08-09T18:51:11 BDT" name="Default test" finished-at="2023-08-09T18:52:06 BDT" duration-ms="54734">
      <class name="selenium_testing_daraz.SeleniumAutomationDaraz">
        <test-method is-config="true" signature="pre_condition()[pri:0, instance:selenium_testing_daraz.SeleniumAutomationDaraz@3349e9bb]" started-at="2023-08-09T18:51:11 BDT" name="pre_condition" finished-at="2023-08-09T18:51:15 BDT" duration-ms="3490" status="PASS">
          <reporter-output>
          </reporter-output>
        </test-method> <!-- pre_condition -->
        <test-method signature="verifyAddToCart()[pri:0, instance:selenium_testing_daraz.SeleniumAutomationDaraz@3349e9bb]" started-at="2023-08-09T18:51:15 BDT" name="verifyAddToCart" finished-at="2023-08-09T18:51:22 BDT" duration-ms="7136" status="PASS">
          <reporter-output>
          </reporter-output>
        </test-method> <!-- verifyAddToCart -->
        <test-method is-config="true" signature="post_condition()[pri:0, instance:selenium_testing_daraz.SeleniumAutomationDaraz@3349e9bb]" started-at="2023-08-09T18:51:22 BDT" name="post_condition" finished-at="2023-08-09T18:51:22 BDT" duration-ms="323" status="PASS">
          <reporter-output>
          </reporter-output>
        </test-method> <!-- post_condition -->
        <test-method is-config="true" signature="pre_condition()[pri:0, instance:selenium_testing_daraz.SeleniumAutomationDaraz@3349e9bb]" started-at="2023-08-09T18:51:22 BDT" name="pre_condition" finished-at="2023-08-09T18:51:25 BDT" duration-ms="2397" status="PASS">
          <reporter-output>
          </reporter-output>
        </test-method> <!-- pre_condition -->
        <test-method signature="verifyDarazFromGoogle()[pri:0, instance:selenium_testing_daraz.SeleniumAutomationDaraz@3349e9bb]" started-at="2023-08-09T18:51:25 BDT" name="verifyDarazFromGoogle" finished-at="2023-08-09T18:51:28 BDT" duration-ms="3013" status="PASS">
          <reporter-output>
          </reporter-output>
        </test-method> <!-- verifyDarazFromGoogle -->
        <test-method is-config="true" signature="post_condition()[pri:0, instance:selenium_testing_daraz.SeleniumAutomationDaraz@3349e9bb]" started-at="2023-08-09T18:51:28 BDT" name="post_condition" finished-at="2023-08-09T18:51:28 BDT" duration-ms="181" status="PASS">
          <reporter-output>
          </reporter-output>
        </test-method> <!-- post_condition -->
        <test-method is-config="true" signature="pre_condition()[pri:0, instance:selenium_testing_daraz.SeleniumAutomationDaraz@3349e9bb]" started-at="2023-08-09T18:51:28 BDT" name="pre_condition" finished-at="2023-08-09T18:51:30 BDT" duration-ms="2146" status="PASS">
          <reporter-output>
          </reporter-output>
        </test-method> <!-- pre_condition -->
        <test-method signature="verifyDarazHome()[pri:0, instance:selenium_testing_daraz.SeleniumAutomationDaraz@3349e9bb]" started-at="2023-08-09T18:51:30 BDT" name="verifyDarazHome" finished-at="2023-08-09T18:51:40 BDT" duration-ms="9829" status="PASS">
          <reporter-output>
          </reporter-output>
        </test-method> <!-- verifyDarazHome -->
        <test-method is-config="true" signature="post_condition()[pri:0, instance:selenium_testing_daraz.SeleniumAutomationDaraz@3349e9bb]" started-at="2023-08-09T18:51:40 BDT" name="post_condition" finished-at="2023-08-09T18:51:40 BDT" duration-ms="246" status="PASS">
          <reporter-output>
          </reporter-output>
        </test-method> <!-- post_condition -->
        <test-method is-config="true" signature="pre_condition()[pri:0, instance:selenium_testing_daraz.SeleniumAutomationDaraz@3349e9bb]" started-at="2023-08-09T18:51:40 BDT" name="pre_condition" finished-at="2023-08-09T18:51:42 BDT" duration-ms="2403" status="PASS">
          <reporter-output>
          </reporter-output>
        </test-method> <!-- pre_condition -->
        <test-method signature="verifyDarazWebsite()[pri:0, instance:selenium_testing_daraz.SeleniumAutomationDaraz@3349e9bb]" started-at="2023-08-09T18:51:42 BDT" name="verifyDarazWebsite" finished-at="2023-08-09T18:51:48 BDT" duration-ms="6037" status="PASS">
          <reporter-output>
          </reporter-output>
        </test-method> <!-- verifyDarazWebsite -->
        <test-method is-config="true" signature="post_condition()[pri:0, instance:selenium_testing_daraz.SeleniumAutomationDaraz@3349e9bb]" started-at="2023-08-09T18:51:48 BDT" name="post_condition" finished-at="2023-08-09T18:51:49 BDT" duration-ms="242" status="PASS">
          <reporter-output>
          </reporter-output>
        </test-method> <!-- post_condition -->
        <test-method is-config="true" signature="pre_condition()[pri:0, instance:selenium_testing_daraz.SeleniumAutomationDaraz@3349e9bb]" started-at="2023-08-09T18:51:49 BDT" name="pre_condition" finished-at="2023-08-09T18:51:51 BDT" duration-ms="2335" status="PASS">
          <reporter-output>
          </reporter-output>
        </test-method> <!-- pre_condition -->
        <test-method signature="verifySearchProduct()[pri:0, instance:selenium_testing_daraz.SeleniumAutomationDaraz@3349e9bb]" started-at="2023-08-09T18:51:51 BDT" name="verifySearchProduct" finished-at="2023-08-09T18:52:06 BDT" duration-ms="14648" status="PASS">
          <reporter-output>
          </reporter-output>
        </test-method> <!-- verifySearchProduct -->
        <test-method is-config="true" signature="post_condition()[pri:0, instance:selenium_testing_daraz.SeleniumAutomationDaraz@3349e9bb]" started-at="2023-08-09T18:52:06 BDT" name="post_condition" finished-at="2023-08-09T18:52:06 BDT" duration-ms="246" status="PASS">
          <reporter-output>
          </reporter-output>
        </test-method> <!-- post_condition -->
      </class> <!-- selenium_testing_daraz.SeleniumAutomationDaraz -->
    </test> <!-- Default test -->
  </suite> <!-- Default suite -->
</testng-results>
