<?xml version="1.0" encoding="UTF-8"?>
<!-- Generated by org.testng.reporters.JUnitXMLReporter -->
<testsuite ignored="0" hostname="Asif" failures="0" tests="5" name="Default test" time="54.734" errors="0" timestamp="2023-08-09T18:52:06 BDT">
  <testcase classname="selenium_testing_daraz.SeleniumAutomationDaraz" name="verifyAddToCart" time="7.136"/>
  <testcase classname="selenium_testing_daraz.SeleniumAutomationDaraz" name="verifyDarazFromGoogle" time="3.013"/>
  <testcase classname="selenium_testing_daraz.SeleniumAutomationDaraz" name="verifyDarazHome" time="9.829"/>
  <testcase classname="selenium_testing_daraz.SeleniumAutomationDaraz" name="verifyDarazWebsite" time="6.037"/>
  <testcase classname="selenium_testing_daraz.SeleniumAutomationDaraz" name="verifySearchProduct" time="14.648"/>
</testsuite> <!-- Default test -->
